2024-12-26 20:17:54 INFO  TC_002_LoginTest:16 - **** Starting TC_002_LoginTest  ****
2024-12-26 20:17:54 INFO  TC_002_LoginTest:23 - clicked on myaccount link on the home page..
2024-12-26 20:17:55 INFO  TC_002_LoginTest:25 - clicked on login link under myaccount..
2024-12-26 20:17:55 INFO  TC_002_LoginTest:29 - Entering valid email and password..
2024-12-26 20:17:56 INFO  TC_002_LoginTest:33 - clicked on ligin button..
2024-12-26 20:17:56 INFO  TC_002_LoginTest:47 - **** Finished TC_002_LoginTest  ****
2024-12-26 20:18:00 INFO  TC_001_AccountRegistrationTest:15 - Strating TC_001_AccountRegistrationtTest
2024-12-26 20:18:00 INFO  TC_001_AccountRegistrationTest:19 - Clicked on My Account 
2024-12-26 20:18:01 INFO  TC_001_AccountRegistrationTest:22 - Clicked on Register 
2024-12-26 20:18:01 INFO  TC_001_AccountRegistrationTest:27 - Provided First Name 
2024-12-26 20:18:01 INFO  TC_001_AccountRegistrationTest:30 - Provided Last Name 
2024-12-26 20:18:02 INFO  TC_001_AccountRegistrationTest:34 - Provided Email 
2024-12-26 20:18:02 INFO  TC_001_AccountRegistrationTest:37 - Provided Telephone 
2024-12-26 20:18:02 INFO  TC_001_AccountRegistrationTest:40 - Provided Password 
2024-12-26 20:18:02 INFO  TC_001_AccountRegistrationTest:43 - Provided Confrmed Password 
2024-12-26 20:18:02 INFO  TC_001_AccountRegistrationTest:46 - Set Privacy Policy 
2024-12-26 20:18:03 INFO  TC_001_AccountRegistrationTest:49 - Clicked on Continue 
2024-12-26 20:18:05 INFO  TC_001_AccountRegistrationTest:61 - Finished TC_001_AccountRegistrationtTest
2024-12-26 20:19:40 INFO  TC_002_LoginTest:16 - **** Starting TC_002_LoginTest  ****
2024-12-26 20:19:41 INFO  TC_002_LoginTest:23 - clicked on myaccount link on the home page..
2024-12-26 20:19:41 INFO  TC_002_LoginTest:25 - clicked on login link under myaccount..
2024-12-26 20:19:41 INFO  TC_002_LoginTest:29 - Entering valid email and password..
2024-12-26 20:19:42 INFO  TC_002_LoginTest:33 - clicked on ligin button..
2024-12-26 20:19:42 INFO  TC_002_LoginTest:47 - **** Finished TC_002_LoginTest  ****
2024-12-26 20:19:45 INFO  TC_001_AccountRegistrationTest:15 - Strating TC_001_AccountRegistrationtTest
2024-12-26 20:19:46 INFO  TC_001_AccountRegistrationTest:19 - Clicked on My Account 
2024-12-26 20:19:46 INFO  TC_001_AccountRegistrationTest:22 - Clicked on Register 
2024-12-26 20:19:47 INFO  TC_001_AccountRegistrationTest:27 - Provided First Name 
2024-12-26 20:19:47 INFO  TC_001_AccountRegistrationTest:30 - Provided Last Name 
2024-12-26 20:19:47 INFO  TC_001_AccountRegistrationTest:34 - Provided Email 
2024-12-26 20:19:47 INFO  TC_001_AccountRegistrationTest:37 - Provided Telephone 
2024-12-26 20:19:47 INFO  TC_001_AccountRegistrationTest:40 - Provided Password 
2024-12-26 20:19:47 INFO  TC_001_AccountRegistrationTest:43 - Provided Confrmed Password 
2024-12-26 20:19:47 INFO  TC_001_AccountRegistrationTest:46 - Set Privacy Policy 
2024-12-26 20:19:48 INFO  TC_001_AccountRegistrationTest:49 - Clicked on Continue 
2024-12-26 20:19:50 INFO  TC_001_AccountRegistrationTest:61 - Finished TC_001_AccountRegistrationtTest
2024-12-26 20:43:12 INFO  TC_002_LoginTest:16 - **** Starting TC_002_LoginTest  ****
2024-12-26 20:43:13 INFO  TC_002_LoginTest:23 - clicked on myaccount link on the home page..
2024-12-26 20:43:13 INFO  TC_002_LoginTest:25 - clicked on login link under myaccount..
2024-12-26 20:43:13 INFO  TC_002_LoginTest:29 - Entering valid email and password..
2024-12-26 20:43:15 INFO  TC_002_LoginTest:33 - clicked on ligin button..
2024-12-26 20:43:15 INFO  TC_002_LoginTest:47 - **** Finished TC_002_LoginTest  ****
2024-12-26 20:43:21 INFO  TC_001_AccountRegistrationTest:15 - Strating TC_001_AccountRegistrationtTest
2024-12-26 20:43:22 INFO  TC_001_AccountRegistrationTest:19 - Clicked on My Account 
2024-12-26 20:43:22 INFO  TC_001_AccountRegistrationTest:22 - Clicked on Register 
2024-12-26 20:43:23 INFO  TC_001_AccountRegistrationTest:27 - Provided First Name 
2024-12-26 20:43:23 INFO  TC_001_AccountRegistrationTest:30 - Provided Last Name 
2024-12-26 20:43:23 INFO  TC_001_AccountRegistrationTest:34 - Provided Email 
2024-12-26 20:43:23 INFO  TC_001_AccountRegistrationTest:37 - Provided Telephone 
2024-12-26 20:43:23 INFO  TC_001_AccountRegistrationTest:40 - Provided Password 
2024-12-26 20:43:23 INFO  TC_001_AccountRegistrationTest:43 - Provided Confrmed Password 
2024-12-26 20:43:23 INFO  TC_001_AccountRegistrationTest:46 - Set Privacy Policy 
2024-12-26 20:43:24 INFO  TC_001_AccountRegistrationTest:49 - Clicked on Continue 
2024-12-26 20:43:26 INFO  TC_001_AccountRegistrationTest:61 - Finished TC_001_AccountRegistrationtTest
2024-12-26 21:04:18 INFO  TC_002_LoginTest:16 - **** Starting TC_002_LoginTest  ****
2024-12-26 21:04:19 INFO  TC_002_LoginTest:23 - clicked on myaccount link on the home page..
2024-12-26 21:04:19 INFO  TC_002_LoginTest:25 - clicked on login link under myaccount..
2024-12-26 21:04:19 INFO  TC_002_LoginTest:29 - Entering valid email and password..
2024-12-26 21:04:20 INFO  TC_002_LoginTest:33 - clicked on ligin button..
2024-12-26 21:04:20 INFO  TC_002_LoginTest:47 - **** Finished TC_002_LoginTest  ****
2024-12-26 21:04:26 INFO  TC_001_AccountRegistrationTest:15 - Strating TC_001_AccountRegistrationtTest
2024-12-26 21:04:27 INFO  TC_001_AccountRegistrationTest:19 - Clicked on My Account 
2024-12-26 21:04:27 INFO  TC_001_AccountRegistrationTest:22 - Clicked on Register 
2024-12-26 21:04:27 INFO  TC_001_AccountRegistrationTest:27 - Provided First Name 
2024-12-26 21:04:28 INFO  TC_001_AccountRegistrationTest:30 - Provided Last Name 
2024-12-26 21:04:28 INFO  TC_001_AccountRegistrationTest:34 - Provided Email 
2024-12-26 21:04:28 INFO  TC_001_AccountRegistrationTest:37 - Provided Telephone 
2024-12-26 21:04:28 INFO  TC_001_AccountRegistrationTest:40 - Provided Password 
2024-12-26 21:04:28 INFO  TC_001_AccountRegistrationTest:43 - Provided Confrmed Password 
2024-12-26 21:04:28 INFO  TC_001_AccountRegistrationTest:46 - Set Privacy Policy 
2024-12-26 21:04:29 INFO  TC_001_AccountRegistrationTest:49 - Clicked on Continue 
2024-12-26 21:04:31 INFO  TC_001_AccountRegistrationTest:61 - Finished TC_001_AccountRegistrationtTest
